[2026-03-26T16:54:08.554+0000] {manager.py:487} INFO - Processing files using up to 2 processes at a time 
[2026-03-26T16:54:08.555+0000] {manager.py:488} INFO - Process each file at most once every 30 seconds
[2026-03-26T16:54:08.555+0000] {manager.py:489} INFO - Checking for new files in /opt/airflow/dags every 300 seconds
[2026-03-26T16:54:08.555+0000] {manager.py:759} INFO - Searching for files in /opt/airflow/dags
[2026-03-26T16:54:08.555+0000] {manager.py:762} INFO - There are 1 files in /opt/airflow/dags
[2026-03-26T16:54:08.596+0000] {manager.py:893} INFO - 
================================================================================
DAG File Processing Stats

File Path                                  PID  Runtime      # DAGs    # Errors  Last Runtime    Last Run
---------------------------------------  -----  ---------  --------  ----------  --------------  ----------
/opt/airflow/dags/warehouse_pipeline.py    170  0.02s             0           0
================================================================================
[2026-03-26T16:54:38.692+0000] {manager.py:893} INFO - 
================================================================================
DAG File Processing Stats

File Path                                PID    Runtime      # DAGs    # Errors  Last Runtime    Last Run
---------------------------------------  -----  ---------  --------  ----------  --------------  -------------------
/opt/airflow/dags/warehouse_pipeline.py                           1           0  0.75s           2026-03-26T16:54:09
================================================================================
[2026-03-26T16:55:08.806+0000] {manager.py:893} INFO - 
================================================================================
DAG File Processing Stats

File Path                                PID    Runtime      # DAGs    # Errors  Last Runtime    Last Run
---------------------------------------  -----  ---------  --------  ----------  --------------  -------------------
/opt/airflow/dags/warehouse_pipeline.py                           1           0  0.31s           2026-03-26T16:54:39
================================================================================
[2026-03-26T16:55:38.930+0000] {manager.py:893} INFO - 
================================================================================
DAG File Processing Stats

File Path                                PID    Runtime      # DAGs    # Errors  Last Runtime    Last Run
---------------------------------------  -----  ---------  --------  ----------  --------------  -------------------
/opt/airflow/dags/warehouse_pipeline.py                           1           0  0.30s           2026-03-26T16:55:10
================================================================================
[2026-03-26T16:56:09.331+0000] {manager.py:893} INFO - 
================================================================================
DAG File Processing Stats

File Path                                PID    Runtime      # DAGs    # Errors  Last Runtime    Last Run
---------------------------------------  -----  ---------  --------  ----------  --------------  -------------------
/opt/airflow/dags/warehouse_pipeline.py                           1           0  0.30s           2026-03-26T16:55:40
================================================================================
[2026-03-26T16:56:39.739+0000] {manager.py:893} INFO - 
================================================================================
DAG File Processing Stats

File Path                                PID    Runtime      # DAGs    # Errors  Last Runtime    Last Run
---------------------------------------  -----  ---------  --------  ----------  --------------  -------------------
/opt/airflow/dags/warehouse_pipeline.py                           1           0  0.31s           2026-03-26T16:56:10
================================================================================
[2026-03-26T16:57:10.242+0000] {manager.py:893} INFO - 
================================================================================
DAG File Processing Stats

File Path                                PID    Runtime      # DAGs    # Errors  Last Runtime    Last Run
---------------------------------------  -----  ---------  --------  ----------  --------------  -------------------
/opt/airflow/dags/warehouse_pipeline.py                           1           0  0.29s           2026-03-26T16:56:41
================================================================================
[2026-03-26T16:57:40.642+0000] {manager.py:893} INFO - 
================================================================================
DAG File Processing Stats

File Path                                PID    Runtime      # DAGs    # Errors  Last Runtime    Last Run
---------------------------------------  -----  ---------  --------  ----------  --------------  -------------------
/opt/airflow/dags/warehouse_pipeline.py                           1           0  0.22s           2026-03-26T16:57:11
================================================================================
[2026-03-26T16:58:10.955+0000] {manager.py:893} INFO - 
================================================================================
DAG File Processing Stats

File Path                                PID    Runtime      # DAGs    # Errors  Last Runtime    Last Run
---------------------------------------  -----  ---------  --------  ----------  --------------  -------------------
/opt/airflow/dags/warehouse_pipeline.py                           1           0  0.23s           2026-03-26T16:57:42
================================================================================
[2026-03-26T16:58:41.270+0000] {manager.py:893} INFO - 
================================================================================
DAG File Processing Stats

File Path                                PID    Runtime      # DAGs    # Errors  Last Runtime    Last Run
---------------------------------------  -----  ---------  --------  ----------  --------------  -------------------
/opt/airflow/dags/warehouse_pipeline.py                           1           0  0.24s           2026-03-26T16:58:12
================================================================================
[2026-03-26T16:59:08.586+0000] {manager.py:759} INFO - Searching for files in /opt/airflow/dags
[2026-03-26T16:59:08.587+0000] {manager.py:762} INFO - There are 1 files in /opt/airflow/dags
[2026-03-26T16:59:11.603+0000] {manager.py:893} INFO - 
================================================================================
DAG File Processing Stats

File Path                                PID    Runtime      # DAGs    # Errors  Last Runtime    Last Run
---------------------------------------  -----  ---------  --------  ----------  --------------  -------------------
/opt/airflow/dags/warehouse_pipeline.py                           1           0  0.22s           2026-03-26T16:58:42
================================================================================
[2026-03-26T16:59:41.908+0000] {manager.py:893} INFO - 
================================================================================
DAG File Processing Stats

File Path                                PID    Runtime      # DAGs    # Errors  Last Runtime    Last Run
---------------------------------------  -----  ---------  --------  ----------  --------------  -------------------
/opt/airflow/dags/warehouse_pipeline.py                           1           0  0.23s           2026-03-26T16:59:13
================================================================================
[2026-03-26T17:00:12.231+0000] {manager.py:893} INFO - 
================================================================================
DAG File Processing Stats

File Path                                PID    Runtime      # DAGs    # Errors  Last Runtime    Last Run
---------------------------------------  -----  ---------  --------  ----------  --------------  -------------------
/opt/airflow/dags/warehouse_pipeline.py                           1           0  0.30s           2026-03-26T16:59:43
================================================================================
[2026-03-26T17:00:42.636+0000] {manager.py:893} INFO - 
================================================================================
DAG File Processing Stats

File Path                                PID    Runtime      # DAGs    # Errors  Last Runtime    Last Run
---------------------------------------  -----  ---------  --------  ----------  --------------  -------------------
/opt/airflow/dags/warehouse_pipeline.py                           1           0  0.25s           2026-03-26T17:00:13
================================================================================
[2026-03-26T17:01:12.972+0000] {manager.py:893} INFO - 
================================================================================
DAG File Processing Stats

File Path                                PID    Runtime      # DAGs    # Errors  Last Runtime    Last Run
---------------------------------------  -----  ---------  --------  ----------  --------------  -------------------
/opt/airflow/dags/warehouse_pipeline.py                           1           0  0.32s           2026-03-26T17:00:44
================================================================================
[2026-03-26T17:01:43.406+0000] {manager.py:893} INFO - 
================================================================================
DAG File Processing Stats

File Path                                PID    Runtime      # DAGs    # Errors  Last Runtime    Last Run
---------------------------------------  -----  ---------  --------  ----------  --------------  -------------------
/opt/airflow/dags/warehouse_pipeline.py                           1           0  0.22s           2026-03-26T17:01:14
================================================================================
[2026-03-26T17:02:13.721+0000] {manager.py:893} INFO - 
================================================================================
DAG File Processing Stats

File Path                                PID    Runtime      # DAGs    # Errors  Last Runtime    Last Run
---------------------------------------  -----  ---------  --------  ----------  --------------  -------------------
/opt/airflow/dags/warehouse_pipeline.py                           1           0  0.23s           2026-03-26T17:01:44
================================================================================
[2026-03-26T17:02:44.035+0000] {manager.py:893} INFO - 
================================================================================
DAG File Processing Stats

File Path                                PID    Runtime      # DAGs    # Errors  Last Runtime    Last Run
---------------------------------------  -----  ---------  --------  ----------  --------------  -------------------
/opt/airflow/dags/warehouse_pipeline.py                           1           0  0.23s           2026-03-26T17:02:15
================================================================================
[2026-03-26T17:03:14.387+0000] {manager.py:893} INFO - 
================================================================================
DAG File Processing Stats

File Path                                PID    Runtime      # DAGs    # Errors  Last Runtime    Last Run
---------------------------------------  -----  ---------  --------  ----------  --------------  -------------------
/opt/airflow/dags/warehouse_pipeline.py                           1           0  0.25s           2026-03-26T17:02:45
================================================================================
[2026-03-26T17:03:44.739+0000] {manager.py:893} INFO - 
================================================================================
DAG File Processing Stats

File Path                                PID    Runtime      # DAGs    # Errors  Last Runtime    Last Run
---------------------------------------  -----  ---------  --------  ----------  --------------  -------------------
/opt/airflow/dags/warehouse_pipeline.py                           1           0  0.24s           2026-03-26T17:03:15
================================================================================
[2026-03-26T17:04:09.062+0000] {manager.py:759} INFO - Searching for files in /opt/airflow/dags
[2026-03-26T17:04:09.063+0000] {manager.py:762} INFO - There are 1 files in /opt/airflow/dags
[2026-03-26T17:04:15.086+0000] {manager.py:893} INFO - 
================================================================================
DAG File Processing Stats

File Path                                PID    Runtime      # DAGs    # Errors  Last Runtime    Last Run
---------------------------------------  -----  ---------  --------  ----------  --------------  -------------------
/opt/airflow/dags/warehouse_pipeline.py                           1           0  0.23s           2026-03-26T17:03:46
================================================================================
[2026-03-26T17:04:45.403+0000] {manager.py:893} INFO - 
================================================================================
DAG File Processing Stats

File Path                                PID    Runtime      # DAGs    # Errors  Last Runtime    Last Run
---------------------------------------  -----  ---------  --------  ----------  --------------  -------------------
/opt/airflow/dags/warehouse_pipeline.py                           1           0  0.25s           2026-03-26T17:04:16
================================================================================
[2026-03-26T17:05:15.753+0000] {manager.py:893} INFO - 
================================================================================
DAG File Processing Stats

File Path                                PID    Runtime      # DAGs    # Errors  Last Runtime    Last Run
---------------------------------------  -----  ---------  --------  ----------  --------------  -------------------
/opt/airflow/dags/warehouse_pipeline.py                           1           0  0.23s           2026-03-26T17:04:46
================================================================================
[2026-03-26T17:05:46.075+0000] {manager.py:893} INFO - 
================================================================================
DAG File Processing Stats

File Path                                PID    Runtime      # DAGs    # Errors  Last Runtime    Last Run
---------------------------------------  -----  ---------  --------  ----------  --------------  -------------------
/opt/airflow/dags/warehouse_pipeline.py                           1           0  0.22s           2026-03-26T17:05:17
================================================================================
[2026-03-26T17:06:16.413+0000] {manager.py:893} INFO - 
================================================================================
DAG File Processing Stats

File Path                                PID    Runtime      # DAGs    # Errors  Last Runtime    Last Run
---------------------------------------  -----  ---------  --------  ----------  --------------  -------------------
/opt/airflow/dags/warehouse_pipeline.py                           1           0  0.24s           2026-03-26T17:05:47
================================================================================
[2026-03-26T17:06:46.754+0000] {manager.py:893} INFO - 
================================================================================
DAG File Processing Stats

File Path                                PID    Runtime      # DAGs    # Errors  Last Runtime    Last Run
---------------------------------------  -----  ---------  --------  ----------  --------------  -------------------
/opt/airflow/dags/warehouse_pipeline.py                           1           0  0.22s           2026-03-26T17:06:17
================================================================================
[2026-03-26T17:07:17.075+0000] {manager.py:893} INFO - 
================================================================================
DAG File Processing Stats

File Path                                PID    Runtime      # DAGs    # Errors  Last Runtime    Last Run
---------------------------------------  -----  ---------  --------  ----------  --------------  -------------------
/opt/airflow/dags/warehouse_pipeline.py                           1           0  0.24s           2026-03-26T17:06:48
================================================================================
[2026-03-26T17:07:47.419+0000] {manager.py:893} INFO - 
================================================================================
DAG File Processing Stats

File Path                                PID    Runtime      # DAGs    # Errors  Last Runtime    Last Run
---------------------------------------  -----  ---------  --------  ----------  --------------  -------------------
/opt/airflow/dags/warehouse_pipeline.py                           1           0  0.27s           2026-03-26T17:07:18
================================================================================
[2026-03-26T17:08:17.805+0000] {manager.py:893} INFO - 
================================================================================
DAG File Processing Stats

File Path                                PID    Runtime      # DAGs    # Errors  Last Runtime    Last Run
---------------------------------------  -----  ---------  --------  ----------  --------------  -------------------
/opt/airflow/dags/warehouse_pipeline.py                           1           0  0.26s           2026-03-26T17:07:48
================================================================================
[2026-03-26T17:08:48.167+0000] {manager.py:893} INFO - 
================================================================================
DAG File Processing Stats

File Path                                PID    Runtime      # DAGs    # Errors  Last Runtime    Last Run
---------------------------------------  -----  ---------  --------  ----------  --------------  -------------------
/opt/airflow/dags/warehouse_pipeline.py                           1           0  0.33s           2026-03-26T17:08:19
================================================================================
[2026-03-26T17:09:09.559+0000] {manager.py:759} INFO - Searching for files in /opt/airflow/dags
[2026-03-26T17:09:09.560+0000] {manager.py:762} INFO - There are 1 files in /opt/airflow/dags
[2026-03-26T17:09:18.604+0000] {manager.py:893} INFO - 
================================================================================
DAG File Processing Stats

File Path                                PID    Runtime      # DAGs    # Errors  Last Runtime    Last Run
---------------------------------------  -----  ---------  --------  ----------  --------------  -------------------
/opt/airflow/dags/warehouse_pipeline.py                           1           0  0.25s           2026-03-26T17:08:49
================================================================================
[2026-03-26T17:09:48.944+0000] {manager.py:893} INFO - 
================================================================================
DAG File Processing Stats

File Path                                PID    Runtime      # DAGs    # Errors  Last Runtime    Last Run
---------------------------------------  -----  ---------  --------  ----------  --------------  -------------------
/opt/airflow/dags/warehouse_pipeline.py                           1           0  0.23s           2026-03-26T17:09:20
================================================================================
[2026-03-26T17:10:19.279+0000] {manager.py:893} INFO - 
================================================================================
DAG File Processing Stats

File Path                                PID    Runtime      # DAGs    # Errors  Last Runtime    Last Run
---------------------------------------  -----  ---------  --------  ----------  --------------  -------------------
/opt/airflow/dags/warehouse_pipeline.py                           1           0  0.22s           2026-03-26T17:09:50
================================================================================
[2026-03-26T17:10:49.597+0000] {manager.py:893} INFO - 
================================================================================
DAG File Processing Stats

File Path                                PID    Runtime      # DAGs    # Errors  Last Runtime    Last Run
---------------------------------------  -----  ---------  --------  ----------  --------------  -------------------
/opt/airflow/dags/warehouse_pipeline.py                           1           0  0.25s           2026-03-26T17:10:20
================================================================================
[2026-03-26T17:11:19.937+0000] {manager.py:893} INFO - 
================================================================================
DAG File Processing Stats

File Path                                PID    Runtime      # DAGs    # Errors  Last Runtime    Last Run
---------------------------------------  -----  ---------  --------  ----------  --------------  -------------------
/opt/airflow/dags/warehouse_pipeline.py                           1           0  0.29s           2026-03-26T17:10:51
================================================================================
[2026-03-26T17:11:50.560+0000] {manager.py:893} INFO - 
================================================================================
DAG File Processing Stats

File Path                                PID    Runtime      # DAGs    # Errors  Last Runtime    Last Run
---------------------------------------  -----  ---------  --------  ----------  --------------  -------------------
/opt/airflow/dags/warehouse_pipeline.py                           1           0  0.31s           2026-03-26T17:11:45
================================================================================
[2026-03-26T17:12:20.741+0000] {manager.py:893} INFO - 
================================================================================
DAG File Processing Stats

File Path                                PID    Runtime      # DAGs    # Errors  Last Runtime    Last Run
---------------------------------------  -----  ---------  --------  ----------  --------------  -------------------
/opt/airflow/dags/warehouse_pipeline.py                           1           0  0.23s           2026-03-26T17:12:15
================================================================================
[2026-03-26T17:12:50.983+0000] {manager.py:893} INFO - 
================================================================================
DAG File Processing Stats

File Path                                PID    Runtime      # DAGs    # Errors  Last Runtime    Last Run
---------------------------------------  -----  ---------  --------  ----------  --------------  -------------------
/opt/airflow/dags/warehouse_pipeline.py                           1           0  0.24s           2026-03-26T17:12:46
================================================================================
[2026-03-26T17:13:21.324+0000] {manager.py:893} INFO - 
================================================================================
DAG File Processing Stats

File Path                                PID    Runtime      # DAGs    # Errors  Last Runtime    Last Run
---------------------------------------  -----  ---------  --------  ----------  --------------  -------------------
/opt/airflow/dags/warehouse_pipeline.py                           1           0  0.23s           2026-03-26T17:13:16
================================================================================
[2026-03-26T17:13:51.664+0000] {manager.py:893} INFO - 
================================================================================
DAG File Processing Stats

File Path                                PID    Runtime      # DAGs    # Errors  Last Runtime    Last Run
---------------------------------------  -----  ---------  --------  ----------  --------------  -------------------
/opt/airflow/dags/warehouse_pipeline.py                           1           0  0.22s           2026-03-26T17:13:46
================================================================================
[2026-03-26T17:14:09.729+0000] {manager.py:759} INFO - Searching for files in /opt/airflow/dags
[2026-03-26T17:14:09.730+0000] {manager.py:762} INFO - There are 1 files in /opt/airflow/dags
[2026-03-26T17:14:21.999+0000] {manager.py:893} INFO - 
================================================================================
DAG File Processing Stats

File Path                                PID    Runtime      # DAGs    # Errors  Last Runtime    Last Run
---------------------------------------  -----  ---------  --------  ----------  --------------  -------------------
/opt/airflow/dags/warehouse_pipeline.py                           1           0  0.22s           2026-03-26T17:14:17
================================================================================
[2026-03-26T17:14:52.316+0000] {manager.py:893} INFO - 
================================================================================
DAG File Processing Stats

File Path                                PID    Runtime      # DAGs    # Errors  Last Runtime    Last Run
---------------------------------------  -----  ---------  --------  ----------  --------------  -------------------
/opt/airflow/dags/warehouse_pipeline.py                           1           0  0.24s           2026-03-26T17:14:47
================================================================================
[2026-03-26T17:15:22.650+0000] {manager.py:893} INFO - 
================================================================================
DAG File Processing Stats

File Path                                PID    Runtime      # DAGs    # Errors  Last Runtime    Last Run
---------------------------------------  -----  ---------  --------  ----------  --------------  -------------------
/opt/airflow/dags/warehouse_pipeline.py                           1           0  0.25s           2026-03-26T17:15:17
================================================================================
[2026-03-26T17:15:52.990+0000] {manager.py:893} INFO - 
================================================================================
DAG File Processing Stats

File Path                                PID    Runtime      # DAGs    # Errors  Last Runtime    Last Run
---------------------------------------  -----  ---------  --------  ----------  --------------  -------------------
/opt/airflow/dags/warehouse_pipeline.py                           1           0  0.22s           2026-03-26T17:15:48
================================================================================
[2026-03-26T17:16:23.316+0000] {manager.py:893} INFO - 
================================================================================
DAG File Processing Stats

File Path                                PID    Runtime      # DAGs    # Errors  Last Runtime    Last Run
---------------------------------------  -----  ---------  --------  ----------  --------------  -------------------
/opt/airflow/dags/warehouse_pipeline.py                           1           0  0.24s           2026-03-26T17:16:18
================================================================================
[2026-03-26T17:16:53.649+0000] {manager.py:893} INFO - 
================================================================================
DAG File Processing Stats

File Path                                PID    Runtime      # DAGs    # Errors  Last Runtime    Last Run
---------------------------------------  -----  ---------  --------  ----------  --------------  -------------------
/opt/airflow/dags/warehouse_pipeline.py                           1           0  0.32s           2026-03-26T17:16:48
================================================================================
[2026-03-26T17:17:24.066+0000] {manager.py:893} INFO - 
================================================================================
DAG File Processing Stats

File Path                                PID    Runtime      # DAGs    # Errors  Last Runtime    Last Run
---------------------------------------  -----  ---------  --------  ----------  --------------  -------------------
/opt/airflow/dags/warehouse_pipeline.py                           1           0  0.22s           2026-03-26T17:17:19
================================================================================
[2026-03-26T17:17:54.395+0000] {manager.py:893} INFO - 
================================================================================
DAG File Processing Stats

File Path                                PID    Runtime      # DAGs    # Errors  Last Runtime    Last Run
---------------------------------------  -----  ---------  --------  ----------  --------------  -------------------
/opt/airflow/dags/warehouse_pipeline.py                           1           0  0.22s           2026-03-26T17:17:49
================================================================================
[2026-03-26T17:18:24.724+0000] {manager.py:893} INFO - 
================================================================================
DAG File Processing Stats

File Path                                PID    Runtime      # DAGs    # Errors  Last Runtime    Last Run
---------------------------------------  -----  ---------  --------  ----------  --------------  -------------------
/opt/airflow/dags/warehouse_pipeline.py                           1           0  0.23s           2026-03-26T17:18:19
================================================================================
[2026-03-26T17:18:55.031+0000] {manager.py:893} INFO - 
================================================================================
DAG File Processing Stats

File Path                                PID    Runtime      # DAGs    # Errors  Last Runtime    Last Run
---------------------------------------  -----  ---------  --------  ----------  --------------  -------------------
/opt/airflow/dags/warehouse_pipeline.py                           1           0  0.46s           2026-03-26T17:18:50
================================================================================
[2026-03-26T17:19:10.076+0000] {manager.py:759} INFO - Searching for files in /opt/airflow/dags
[2026-03-26T17:19:10.077+0000] {manager.py:762} INFO - There are 1 files in /opt/airflow/dags
[2026-03-26T17:19:25.592+0000] {manager.py:893} INFO - 
================================================================================
DAG File Processing Stats

File Path                                PID    Runtime      # DAGs    # Errors  Last Runtime    Last Run
---------------------------------------  -----  ---------  --------  ----------  --------------  -------------------
/opt/airflow/dags/warehouse_pipeline.py                           1           0  0.28s           2026-03-26T17:19:20
================================================================================
[2026-03-26T17:19:55.965+0000] {manager.py:893} INFO - 
================================================================================
DAG File Processing Stats

File Path                                PID    Runtime      # DAGs    # Errors  Last Runtime    Last Run
---------------------------------------  -----  ---------  --------  ----------  --------------  -------------------
/opt/airflow/dags/warehouse_pipeline.py                           1           0  0.26s           2026-03-26T17:19:51
================================================================================
[2026-03-26T17:20:26.329+0000] {manager.py:893} INFO - 
================================================================================
DAG File Processing Stats

File Path                                PID    Runtime      # DAGs    # Errors  Last Runtime    Last Run
---------------------------------------  -----  ---------  --------  ----------  --------------  -------------------
/opt/airflow/dags/warehouse_pipeline.py                           1           0  0.30s           2026-03-26T17:20:21
================================================================================
[2026-03-26T17:20:56.735+0000] {manager.py:893} INFO - 
================================================================================
DAG File Processing Stats

File Path                                PID    Runtime      # DAGs    # Errors  Last Runtime    Last Run
---------------------------------------  -----  ---------  --------  ----------  --------------  -------------------
/opt/airflow/dags/warehouse_pipeline.py                           1           0  0.23s           2026-03-26T17:20:51
================================================================================
[2026-03-26T17:21:27.069+0000] {manager.py:893} INFO - 
================================================================================
DAG File Processing Stats

File Path                                PID    Runtime      # DAGs    # Errors  Last Runtime    Last Run
---------------------------------------  -----  ---------  --------  ----------  --------------  -------------------
/opt/airflow/dags/warehouse_pipeline.py                           1           0  0.26s           2026-03-26T17:21:22
================================================================================
[2026-03-26T17:21:57.419+0000] {manager.py:893} INFO - 
================================================================================
DAG File Processing Stats

File Path                                PID    Runtime      # DAGs    # Errors  Last Runtime    Last Run
---------------------------------------  -----  ---------  --------  ----------  --------------  -------------------
/opt/airflow/dags/warehouse_pipeline.py                           1           0  0.32s           2026-03-26T17:21:52
================================================================================
[2026-03-26T17:22:27.830+0000] {manager.py:893} INFO - 
================================================================================
DAG File Processing Stats

File Path                                PID    Runtime      # DAGs    # Errors  Last Runtime    Last Run
---------------------------------------  -----  ---------  --------  ----------  --------------  -------------------
/opt/airflow/dags/warehouse_pipeline.py                           1           0  0.25s           2026-03-26T17:22:23
================================================================================
[2026-03-26T17:22:58.169+0000] {manager.py:893} INFO - 
================================================================================
DAG File Processing Stats

File Path                                PID    Runtime      # DAGs    # Errors  Last Runtime    Last Run
---------------------------------------  -----  ---------  --------  ----------  --------------  -------------------
/opt/airflow/dags/warehouse_pipeline.py                           1           0  0.24s           2026-03-26T17:22:53
================================================================================
[2026-03-26T17:23:28.496+0000] {manager.py:893} INFO - 
================================================================================
DAG File Processing Stats

File Path                                PID    Runtime      # DAGs    # Errors  Last Runtime    Last Run
---------------------------------------  -----  ---------  --------  ----------  --------------  -------------------
/opt/airflow/dags/warehouse_pipeline.py                           1           0  0.24s           2026-03-26T17:23:23
================================================================================
[2026-03-26T17:23:58.812+0000] {manager.py:893} INFO - 
================================================================================
DAG File Processing Stats

File Path                                PID    Runtime      # DAGs    # Errors  Last Runtime    Last Run
---------------------------------------  -----  ---------  --------  ----------  --------------  -------------------
/opt/airflow/dags/warehouse_pipeline.py                           1           0  0.24s           2026-03-26T17:23:54
================================================================================
[2026-03-26T17:24:10.079+0000] {manager.py:759} INFO - Searching for files in /opt/airflow/dags
[2026-03-26T17:24:10.080+0000] {manager.py:762} INFO - There are 1 files in /opt/airflow/dags
[2026-03-26T17:24:29.162+0000] {manager.py:893} INFO - 
================================================================================
DAG File Processing Stats

File Path                                PID    Runtime      # DAGs    # Errors  Last Runtime    Last Run
---------------------------------------  -----  ---------  --------  ----------  --------------  -------------------
/opt/airflow/dags/warehouse_pipeline.py                           1           0  0.22s           2026-03-26T17:24:24
================================================================================
[2026-03-26T17:24:32.726+0000] {manager.py:469} INFO - Exiting gracefully upon receiving signal 15
