[2026-03-26T17:21:01.009+0000] {taskinstance.py:1157} INFO - Dependencies all met for dep_context=non-requeueable deps ti=<TaskInstance: warehouse_pipeline.bronze_to_silver scheduled__2026-03-26T17:20:00+00:00 [queued]>
[2026-03-26T17:21:01.014+0000] {taskinstance.py:1157} INFO - Dependencies all met for dep_context=requeueable deps ti=<TaskInstance: warehouse_pipeline.bronze_to_silver scheduled__2026-03-26T17:20:00+00:00 [queued]>
[2026-03-26T17:21:01.015+0000] {taskinstance.py:1359} INFO - Starting attempt 1 of 2
[2026-03-26T17:21:01.025+0000] {taskinstance.py:1380} INFO - Executing <Task(PythonOperator): bronze_to_silver> on 2026-03-26 17:20:00+00:00
[2026-03-26T17:21:01.029+0000] {standard_task_runner.py:57} INFO - Started process 632 to run task
[2026-03-26T17:21:01.032+0000] {standard_task_runner.py:84} INFO - Running: ['***', 'tasks', 'run', 'warehouse_pipeline', 'bronze_to_silver', 'scheduled__2026-03-26T17:20:00+00:00', '--job-id', '35', '--raw', '--subdir', 'DAGS_FOLDER/warehouse_pipeline.py', '--cfg-path', '/tmp/tmpqbb98pft']
[2026-03-26T17:21:01.033+0000] {standard_task_runner.py:85} INFO - Job 35: Subtask bronze_to_silver
[2026-03-26T17:21:01.119+0000] {task_command.py:415} INFO - Running <TaskInstance: warehouse_pipeline.bronze_to_silver scheduled__2026-03-26T17:20:00+00:00 [running]> on host 3ecc8c9d1264
[2026-03-26T17:21:01.234+0000] {taskinstance.py:1660} INFO - Exporting env vars: AIRFLOW_CTX_DAG_OWNER='***' AIRFLOW_CTX_DAG_ID='warehouse_pipeline' AIRFLOW_CTX_TASK_ID='bronze_to_silver' AIRFLOW_CTX_EXECUTION_DATE='2026-03-26T17:20:00+00:00' AIRFLOW_CTX_TRY_NUMBER='1' AIRFLOW_CTX_DAG_RUN_ID='scheduled__2026-03-26T17:20:00+00:00'
[2026-03-26T17:21:01.245+0000] {logging_mixin.py:151} INFO - Executing statement 1/14 from transform_bronze_to_silver.sql
[2026-03-26T17:21:01.245+0000] {logging_mixin.py:151} INFO - Executing statement 2/14 from transform_bronze_to_silver.sql
[2026-03-26T17:21:01.253+0000] {logging_mixin.py:151} INFO - Executing statement 3/14 from transform_bronze_to_silver.sql
[2026-03-26T17:21:01.254+0000] {logging_mixin.py:151} INFO - Executing statement 4/14 from transform_bronze_to_silver.sql
[2026-03-26T17:21:01.262+0000] {logging_mixin.py:151} INFO - Executing statement 5/14 from transform_bronze_to_silver.sql
[2026-03-26T17:21:01.263+0000] {logging_mixin.py:151} INFO - Executing statement 6/14 from transform_bronze_to_silver.sql
[2026-03-26T17:21:01.269+0000] {logging_mixin.py:151} INFO - Executing statement 7/14 from transform_bronze_to_silver.sql
[2026-03-26T17:21:01.271+0000] {logging_mixin.py:151} INFO - Executing statement 8/14 from transform_bronze_to_silver.sql
[2026-03-26T17:21:01.277+0000] {logging_mixin.py:151} INFO - Executing statement 9/14 from transform_bronze_to_silver.sql
[2026-03-26T17:21:01.279+0000] {logging_mixin.py:151} INFO - Executing statement 10/14 from transform_bronze_to_silver.sql
[2026-03-26T17:21:01.286+0000] {logging_mixin.py:151} INFO - Executing statement 11/14 from transform_bronze_to_silver.sql
[2026-03-26T17:21:01.288+0000] {logging_mixin.py:151} INFO - Executing statement 12/14 from transform_bronze_to_silver.sql
[2026-03-26T17:21:01.293+0000] {logging_mixin.py:151} INFO - Executing statement 13/14 from transform_bronze_to_silver.sql
[2026-03-26T17:21:01.294+0000] {logging_mixin.py:151} INFO - Executing statement 14/14 from transform_bronze_to_silver.sql
[2026-03-26T17:21:01.299+0000] {logging_mixin.py:151} INFO - Completed SQL script: transform_bronze_to_silver.sql
[2026-03-26T17:21:01.299+0000] {python.py:194} INFO - Done. Returned value was: None
[2026-03-26T17:21:01.305+0000] {taskinstance.py:1398} INFO - Marking task as SUCCESS. dag_id=warehouse_pipeline, task_id=bronze_to_silver, execution_date=20260326T172000, start_date=20260326T172101, end_date=20260326T172101
[2026-03-26T17:21:01.323+0000] {local_task_job_runner.py:228} INFO - Task exited with return code 0
[2026-03-26T17:21:01.336+0000] {taskinstance.py:2776} INFO - 1 downstream tasks scheduled from follow-on schedule check
